This file contains any messages produced by compilers while
running configure, to aid debugging if configure makes a mistake.

It was created by warpdrive configure 0.1, which was
generated by GNU Autoconf 2.69.  Invocation command line was

  $ ./configure 

## --------- ##
## Platform. ##
## --------- ##

hostname = ubuntu
uname -m = aarch64
uname -r = 4.15.0-29-generic
uname -s = Linux
uname -v = #31-Ubuntu SMP Tue Jul 17 15:41:03 UTC 2018

/usr/bin/uname -p = unknown
/bin/uname -X     = unknown

/bin/arch              = unknown
/usr/bin/arch -k       = unknown
/usr/convex/getsysinfo = unknown
/usr/bin/hostinfo      = unknown
/bin/machine           = unknown
/usr/bin/oslevel       = unknown
/bin/universe          = unknown

PATH: /usr/local/sbin
PATH: /usr/local/bin
PATH: /usr/sbin
PATH: /usr/bin
PATH: /sbin
PATH: /bin
PATH: /usr/games
PATH: /usr/local/games
PATH: /snap/bin


## ----------- ##
## Core tests. ##
## ----------- ##

configure:2383: checking for a BSD-compatible install
configure:2451: result: /usr/bin/install -c
configure:2462: checking whether build environment is sane
configure:2517: result: yes
configure:2668: checking for a thread-safe mkdir -p
configure:2707: result: /bin/mkdir -p
configure:2714: checking for gawk
configure:2730: found /usr/bin/gawk
configure:2741: result: gawk
configure:2752: checking whether make sets $(MAKE)
configure:2774: result: yes
configure:2803: checking whether make supports nested variables
configure:2820: result: yes
configure:2947: checking for gawk
configure:2974: result: gawk
configure:3033: checking for gcc
configure:3049: found /usr/bin/gcc
configure:3060: result: gcc
configure:3289: checking for C compiler version
configure:3298: gcc --version >&5
gcc (Ubuntu/Linaro 7.3.0-16ubuntu3) 7.3.0
Copyright (C) 2017 Free Software Foundation, Inc.
This is free software; see the source for copying conditions.  There is NO
warranty; not even for MERCHANTABILITY or FITNESS FOR A PARTICULAR PURPOSE.

configure:3309: $? = 0
configure:3298: gcc -v >&5
Using built-in specs.
COLLECT_GCC=gcc
COLLECT_LTO_WRAPPER=/usr/lib/gcc/aarch64-linux-gnu/7/lto-wrapper
Target: aarch64-linux-gnu
Configured with: ../src/configure -v --with-pkgversion='Ubuntu/Linaro 7.3.0-16ubuntu3' --with-bugurl=file:///usr/share/doc/gcc-7/README.Bugs --enable-languages=c,ada,c++,go,d,fortran,objc,obj-c++ --prefix=/usr --with-gcc-major-version-only --with-as=/usr/bin/aarch64-linux-gnu-as --with-ld=/usr/bin/aarch64-linux-gnu-ld --program-suffix=-7 --program-prefix=aarch64-linux-gnu- --enable-shared --enable-linker-build-id --libexecdir=/usr/lib --without-included-gettext --enable-threads=posix --libdir=/usr/lib --enable-nls --with-sysroot=/ --enable-clocale=gnu --enable-libstdcxx-debug --enable-libstdcxx-time=yes --with-default-libstdcxx-abi=new --enable-gnu-unique-object --disable-libquadmath --disable-libquadmath-support --enable-plugin --enable-default-pie --with-system-zlib --enable-multiarch --enable-fix-cortex-a53-843419 --disable-werror --enable-checking=release --build=aarch64-linux-gnu --host=aarch64-linux-gnu --target=aarch64-linux-gnu
Thread model: posix
gcc version 7.3.0 (Ubuntu/Linaro 7.3.0-16ubuntu3) 
configure:3309: $? = 0
configure:3298: gcc -V >&5
gcc: error: unrecognized command line option '-V'
gcc: fatal error: no input files
compilation terminated.
configure:3309: $? = 1
configure:3298: gcc -qversion >&5
gcc: error: unrecognized command line option '-qversion'; did you mean '--version'?
gcc: fatal error: no input files
compilation terminated.
configure:3309: $? = 1
configure:3329: checking whether the C compiler works
configure:3351: gcc    conftest.c  >&5
configure:3355: $? = 0
configure:3403: result: yes
configure:3406: checking for C compiler default output file name
configure:3408: result: a.out
configure:3414: checking for suffix of executables
configure:3421: gcc -o conftest    conftest.c  >&5
configure:3425: $? = 0
configure:3447: result: 
configure:3469: checking whether we are cross compiling
configure:3477: gcc -o conftest    conftest.c  >&5
configure:3481: $? = 0
configure:3488: ./conftest
configure:3492: $? = 0
configure:3507: result: no
configure:3512: checking for suffix of object files
configure:3534: gcc -c   conftest.c >&5
configure:3538: $? = 0
configure:3559: result: o
configure:3563: checking whether we are using the GNU C compiler
configure:3582: gcc -c   conftest.c >&5
configure:3582: $? = 0
configure:3591: result: yes
configure:3600: checking whether gcc accepts -g
configure:3620: gcc -c -g  conftest.c >&5
configure:3620: $? = 0
configure:3661: result: yes
configure:3678: checking for gcc option to accept ISO C89
configure:3741: gcc  -c -g -O2  conftest.c >&5
configure:3741: $? = 0
configure:3754: result: none needed
configure:3779: checking whether gcc understands -c and -o together
configure:3801: gcc -c conftest.c -o conftest2.o
configure:3804: $? = 0
configure:3801: gcc -c conftest.c -o conftest2.o
configure:3804: $? = 0
configure:3816: result: yes
configure:3844: checking for style of include used by make
configure:3872: result: GNU
configure:3898: checking dependency style of gcc
configure:4009: result: gcc3
configure:4029: checking how to run the C preprocessor
configure:4060: gcc -E  conftest.c
configure:4060: $? = 0
configure:4074: gcc -E  conftest.c
conftest.c:9:10: fatal error: ac_nonexistent.h: No such file or directory
 #include <ac_nonexistent.h>
          ^~~~~~~~~~~~~~~~~~
compilation terminated.
configure:4074: $? = 1
configure: failed program was:
| /* confdefs.h */
| #define PACKAGE_NAME "warpdrive"
| #define PACKAGE_TARNAME "warpdrive"
| #define PACKAGE_VERSION "0.1"
| #define PACKAGE_STRING "warpdrive 0.1"
| #define PACKAGE_BUGREPORT "liguozhu@hisilicon.com"
| #define PACKAGE_URL ""
| /* end confdefs.h.  */
| #include <ac_nonexistent.h>
configure:4099: result: gcc -E
configure:4119: gcc -E  conftest.c
configure:4119: $? = 0
configure:4133: gcc -E  conftest.c
conftest.c:9:10: fatal error: ac_nonexistent.h: No such file or directory
 #include <ac_nonexistent.h>
          ^~~~~~~~~~~~~~~~~~
compilation terminated.
configure:4133: $? = 1
configure: failed program was:
| /* confdefs.h */
| #define PACKAGE_NAME "warpdrive"
| #define PACKAGE_TARNAME "warpdrive"
| #define PACKAGE_VERSION "0.1"
| #define PACKAGE_STRING "warpdrive 0.1"
| #define PACKAGE_BUGREPORT "liguozhu@hisilicon.com"
| #define PACKAGE_URL ""
| /* end confdefs.h.  */
| #include <ac_nonexistent.h>
configure:4162: checking whether ln -s works
configure:4166: result: yes
configure:4173: checking whether make sets $(MAKE)
configure:4195: result: yes
configure:4255: checking for ar
configure:4271: found /usr/bin/ar
configure:4282: result: ar
configure:4308: checking the archiver (ar) interface
configure:4324: gcc -c -g -O2  conftest.c >&5
configure:4324: $? = 0
configure:4326: ar cru libconftest.a conftest.o >&5
ar: `u' modifier ignored since `D' is the default (see `U')
configure:4329: $? = 0
configure:4357: result: ar
configure:4406: checking build system type
configure:4420: result: aarch64-unknown-linux-gnu
configure:4440: checking host system type
configure:4453: result: aarch64-unknown-linux-gnu
configure:4494: checking how to print strings
configure:4521: result: printf
configure:4542: checking for a sed that does not truncate output
configure:4606: result: /bin/sed
configure:4624: checking for grep that handles long lines and -e
configure:4682: result: /bin/grep
configure:4687: checking for egrep
configure:4749: result: /bin/grep -E
configure:4754: checking for fgrep
configure:4816: result: /bin/grep -F
configure:4851: checking for ld used by gcc
configure:4918: result: /usr/bin/aarch64-linux-gnu-ld
configure:4925: checking if the linker (/usr/bin/aarch64-linux-gnu-ld) is GNU ld
configure:4940: result: yes
configure:4952: checking for BSD- or MS-compatible name lister (nm)
configure:5006: result: /usr/bin/nm -B
configure:5136: checking the name lister (/usr/bin/nm -B) interface
configure:5143: gcc -c -g -O2  conftest.c >&5
configure:5146: /usr/bin/nm -B "conftest.o"
configure:5149: output
0000000000000000 B some_variable
configure:5156: result: BSD nm
configure:5160: checking the maximum length of command line arguments
configure:5291: result: 1572864
configure:5339: checking how to convert aarch64-unknown-linux-gnu file names to aarch64-unknown-linux-gnu format
configure:5379: result: func_convert_file_noop
configure:5386: checking how to convert aarch64-unknown-linux-gnu file names to toolchain format
configure:5406: result: func_convert_file_noop
configure:5413: checking for /usr/bin/aarch64-linux-gnu-ld option to reload object files
configure:5420: result: -r
configure:5494: checking for objdump
configure:5510: found /usr/bin/objdump
configure:5521: result: objdump
configure:5553: checking how to recognize dependent libraries
configure:5753: result: pass_all
configure:5838: checking for dlltool
configure:5868: result: no
configure:5898: checking how to associate runtime and link libraries
configure:5925: result: printf %s\n
configure:6049: checking for archiver @FILE support
configure:6066: gcc -c -g -O2  conftest.c >&5
configure:6066: $? = 0
configure:6069: ar cru libconftest.a @conftest.lst >&5
ar: `u' modifier ignored since `D' is the default (see `U')
configure:6072: $? = 0
configure:6077: ar cru libconftest.a @conftest.lst >&5
ar: `u' modifier ignored since `D' is the default (see `U')
ar: conftest.o: No such file or directory
configure:6080: $? = 1
configure:6092: result: @
configure:6150: checking for strip
configure:6166: found /usr/bin/strip
configure:6177: result: strip
configure:6249: checking for ranlib
configure:6265: found /usr/bin/ranlib
configure:6276: result: ranlib
configure:6378: checking command to parse /usr/bin/nm -B output from gcc object
configure:6531: gcc -c -g -O2  conftest.c >&5
configure:6534: $? = 0
configure:6538: /usr/bin/nm -B conftest.o \| sed -n -e 's/^.*[ ]\([ABCDGIRSTW][ABCDGIRSTW]*\)[ ][ ]*\([_A-Za-z][_A-Za-z0-9]*\)$/\1 \2 \2/p' | sed '/ __gnu_lto/d' \> conftest.nm
configure:6541: $? = 0
configure:6607: gcc -o conftest -g -O2   conftest.c conftstm.o >&5
configure:6610: $? = 0
configure:6648: result: ok
configure:6695: checking for sysroot
configure:6725: result: no
configure:6732: checking for a working dd
configure:6770: result: /bin/dd
configure:6774: checking how to truncate binary pipes
configure:6789: result: /bin/dd bs=4096 count=1
configure:7118: checking for mt
configure:7134: found /bin/mt
configure:7145: result: mt
configure:7168: checking if mt is a manifest tool
configure:7174: mt '-?'
configure:7182: result: no
configure:7855: checking for ANSI C header files
configure:7875: gcc -c -g -O2  conftest.c >&5
configure:7875: $? = 0
configure:7948: gcc -o conftest -g -O2   conftest.c  >&5
configure:7948: $? = 0
configure:7948: ./conftest
configure:7948: $? = 0
configure:7959: result: yes
configure:7972: checking for sys/types.h
configure:7972: gcc -c -g -O2  conftest.c >&5
configure:7972: $? = 0
configure:7972: result: yes
configure:7972: checking for sys/stat.h
configure:7972: gcc -c -g -O2  conftest.c >&5
configure:7972: $? = 0
configure:7972: result: yes
configure:7972: checking for stdlib.h
configure:7972: gcc -c -g -O2  conftest.c >&5
configure:7972: $? = 0
configure:7972: result: yes
configure:7972: checking for string.h
configure:7972: gcc -c -g -O2  conftest.c >&5
configure:7972: $? = 0
configure:7972: result: yes
configure:7972: checking for memory.h
configure:7972: gcc -c -g -O2  conftest.c >&5
configure:7972: $? = 0
configure:7972: result: yes
configure:7972: checking for strings.h
configure:7972: gcc -c -g -O2  conftest.c >&5
configure:7972: $? = 0
configure:7972: result: yes
configure:7972: checking for inttypes.h
configure:7972: gcc -c -g -O2  conftest.c >&5
configure:7972: $? = 0
configure:7972: result: yes
configure:7972: checking for stdint.h
configure:7972: gcc -c -g -O2  conftest.c >&5
configure:7972: $? = 0
configure:7972: result: yes
configure:7972: checking for unistd.h
configure:7972: gcc -c -g -O2  conftest.c >&5
configure:7972: $? = 0
configure:7972: result: yes
configure:7986: checking for dlfcn.h
configure:7986: gcc -c -g -O2  conftest.c >&5
configure:7986: $? = 0
configure:7986: result: yes
configure:8242: checking for objdir
configure:8257: result: .libs
configure:8521: checking if gcc supports -fno-rtti -fno-exceptions
configure:8539: gcc -c -g -O2  -fno-rtti -fno-exceptions conftest.c >&5
cc1: warning: command line option '-fno-rtti' is valid for C++/ObjC++ but not for C
configure:8543: $? = 0
configure:8556: result: no
configure:8914: checking for gcc option to produce PIC
configure:8921: result: -fPIC -DPIC
configure:8929: checking if gcc PIC flag -fPIC -DPIC works
configure:8947: gcc -c -g -O2  -fPIC -DPIC -DPIC conftest.c >&5
configure:8951: $? = 0
configure:8964: result: yes
configure:8993: checking if gcc static flag -static works
configure:9021: result: yes
configure:9036: checking if gcc supports -c -o file.o
configure:9057: gcc -c -g -O2  -o out/conftest2.o conftest.c >&5
configure:9061: $? = 0
configure:9083: result: yes
configure:9091: checking if gcc supports -c -o file.o
configure:9138: result: yes
configure:9171: checking whether the gcc linker (/usr/bin/aarch64-linux-gnu-ld) supports shared libraries
configure:10430: result: yes
configure:10467: checking whether -lc should be explicitly linked in
configure:10475: gcc -c -g -O2  conftest.c >&5
configure:10478: $? = 0
configure:10493: gcc -shared  -fPIC -DPIC conftest.o  -v -Wl,-soname -Wl,conftest -o conftest 2\>\&1 \| /bin/grep  -lc  \>/dev/null 2\>\&1
configure:10496: $? = 0
configure:10510: result: no
configure:10670: checking dynamic linker characteristics
configure:11251: gcc -o conftest -g -O2   -Wl,-rpath -Wl,/foo conftest.c  >&5
configure:11251: $? = 0
configure:11488: result: GNU/Linux ld.so
configure:11610: checking how to hardcode library paths into programs
configure:11635: result: immediate
configure:12183: checking whether stripping libraries is possible
configure:12188: result: yes
configure:12223: checking if libtool supports shared libraries
configure:12225: result: yes
configure:12228: checking whether to build shared libraries
configure:12253: result: yes
configure:12256: checking whether to build static libraries
configure:12260: result: yes
configure:12358: checking fcntl.h usability
configure:12358: gcc -c -g -O2  conftest.c >&5
configure:12358: $? = 0
configure:12358: result: yes
configure:12358: checking fcntl.h presence
configure:12358: gcc -E  conftest.c
configure:12358: $? = 0
configure:12358: result: yes
configure:12358: checking for fcntl.h
configure:12358: result: yes
configure:12358: checking limits.h usability
configure:12358: gcc -c -g -O2  conftest.c >&5
configure:12358: $? = 0
configure:12358: result: yes
configure:12358: checking limits.h presence
configure:12358: gcc -E  conftest.c
configure:12358: $? = 0
configure:12358: result: yes
configure:12358: checking for limits.h
configure:12358: result: yes
configure:12358: checking stddef.h usability
configure:12358: gcc -c -g -O2  conftest.c >&5
configure:12358: $? = 0
configure:12358: result: yes
configure:12358: checking stddef.h presence
configure:12358: gcc -E  conftest.c
configure:12358: $? = 0
configure:12358: result: yes
configure:12358: checking for stddef.h
configure:12358: result: yes
configure:12358: checking for stdint.h
configure:12358: result: yes
configure:12358: checking for stdlib.h
configure:12358: result: yes
configure:12358: checking for string.h
configure:12358: result: yes
configure:12358: checking sys/ioctl.h usability
configure:12358: gcc -c -g -O2  conftest.c >&5
configure:12358: $? = 0
configure:12358: result: yes
configure:12358: checking sys/ioctl.h presence
configure:12358: gcc -E  conftest.c
configure:12358: $? = 0
configure:12358: result: yes
configure:12358: checking for sys/ioctl.h
configure:12358: result: yes
configure:12358: checking sys/time.h usability
configure:12358: gcc -c -g -O2  conftest.c >&5
configure:12358: $? = 0
configure:12358: result: yes
configure:12358: checking sys/time.h presence
configure:12358: gcc -E  conftest.c
configure:12358: $? = 0
configure:12358: result: yes
configure:12358: checking for sys/time.h
configure:12358: result: yes
configure:12358: checking for unistd.h
configure:12358: result: yes
configure:12370: checking for stdbool.h that conforms to C99
configure:12437: gcc -c -g -O2  conftest.c >&5
configure:12437: $? = 0
configure:12444: result: yes
configure:12446: checking for _Bool
configure:12446: gcc -c -g -O2  conftest.c >&5
configure:12446: $? = 0
configure:12446: gcc -c -g -O2  conftest.c >&5
conftest.c: In function 'main':
conftest.c:66:20: error: expected expression before ')' token
 if (sizeof ((_Bool)))
                    ^
configure:12446: $? = 1
configure: failed program was:
| /* confdefs.h */
| #define PACKAGE_NAME "warpdrive"
| #define PACKAGE_TARNAME "warpdrive"
| #define PACKAGE_VERSION "0.1"
| #define PACKAGE_STRING "warpdrive 0.1"
| #define PACKAGE_BUGREPORT "liguozhu@hisilicon.com"
| #define PACKAGE_URL ""
| #define STDC_HEADERS 1
| #define HAVE_SYS_TYPES_H 1
| #define HAVE_SYS_STAT_H 1
| #define HAVE_STDLIB_H 1
| #define HAVE_STRING_H 1
| #define HAVE_MEMORY_H 1
| #define HAVE_STRINGS_H 1
| #define HAVE_INTTYPES_H 1
| #define HAVE_STDINT_H 1
| #define HAVE_UNISTD_H 1
| #define HAVE_DLFCN_H 1
| #define LT_OBJDIR ".libs/"
| #define HAVE_FCNTL_H 1
| #define HAVE_LIMITS_H 1
| #define HAVE_STDDEF_H 1
| #define HAVE_STDINT_H 1
| #define HAVE_STDLIB_H 1
| #define HAVE_STRING_H 1
| #define HAVE_SYS_IOCTL_H 1
| #define HAVE_SYS_TIME_H 1
| #define HAVE_UNISTD_H 1
| /* end confdefs.h.  */
| #include <stdio.h>
| #ifdef HAVE_SYS_TYPES_H
| # include <sys/types.h>
| #endif
| #ifdef HAVE_SYS_STAT_H
| # include <sys/stat.h>
| #endif
| #ifdef STDC_HEADERS
| # include <stdlib.h>
| # include <stddef.h>
| #else
| # ifdef HAVE_STDLIB_H
| #  include <stdlib.h>
| # endif
| #endif
| #ifdef HAVE_STRING_H
| # if !defined STDC_HEADERS && defined HAVE_MEMORY_H
| #  include <memory.h>
| # endif
| # include <string.h>
| #endif
| #ifdef HAVE_STRINGS_H
| # include <strings.h>
| #endif
| #ifdef HAVE_INTTYPES_H
| # include <inttypes.h>
| #endif
| #ifdef HAVE_STDINT_H
| # include <stdint.h>
| #endif
| #ifdef HAVE_UNISTD_H
| # include <unistd.h>
| #endif
| int
| main ()
| {
| if (sizeof ((_Bool)))
| 	    return 0;
|   ;
|   return 0;
| }
configure:12446: result: yes
configure:12457: checking for inline
configure:12473: gcc -c -g -O2  conftest.c >&5
configure:12473: $? = 0
configure:12481: result: inline
configure:12499: checking for off_t
configure:12499: gcc -c -g -O2  conftest.c >&5
configure:12499: $? = 0
configure:12499: gcc -c -g -O2  conftest.c >&5
conftest.c: In function 'main':
conftest.c:67:20: error: expected expression before ')' token
 if (sizeof ((off_t)))
                    ^
configure:12499: $? = 1
configure: failed program was:
| /* confdefs.h */
| #define PACKAGE_NAME "warpdrive"
| #define PACKAGE_TARNAME "warpdrive"
| #define PACKAGE_VERSION "0.1"
| #define PACKAGE_STRING "warpdrive 0.1"
| #define PACKAGE_BUGREPORT "liguozhu@hisilicon.com"
| #define PACKAGE_URL ""
| #define STDC_HEADERS 1
| #define HAVE_SYS_TYPES_H 1
| #define HAVE_SYS_STAT_H 1
| #define HAVE_STDLIB_H 1
| #define HAVE_STRING_H 1
| #define HAVE_MEMORY_H 1
| #define HAVE_STRINGS_H 1
| #define HAVE_INTTYPES_H 1
| #define HAVE_STDINT_H 1
| #define HAVE_UNISTD_H 1
| #define HAVE_DLFCN_H 1
| #define LT_OBJDIR ".libs/"
| #define HAVE_FCNTL_H 1
| #define HAVE_LIMITS_H 1
| #define HAVE_STDDEF_H 1
| #define HAVE_STDINT_H 1
| #define HAVE_STDLIB_H 1
| #define HAVE_STRING_H 1
| #define HAVE_SYS_IOCTL_H 1
| #define HAVE_SYS_TIME_H 1
| #define HAVE_UNISTD_H 1
| #define HAVE__BOOL 1
| /* end confdefs.h.  */
| #include <stdio.h>
| #ifdef HAVE_SYS_TYPES_H
| # include <sys/types.h>
| #endif
| #ifdef HAVE_SYS_STAT_H
| # include <sys/stat.h>
| #endif
| #ifdef STDC_HEADERS
| # include <stdlib.h>
| # include <stddef.h>
| #else
| # ifdef HAVE_STDLIB_H
| #  include <stdlib.h>
| # endif
| #endif
| #ifdef HAVE_STRING_H
| # if !defined STDC_HEADERS && defined HAVE_MEMORY_H
| #  include <memory.h>
| # endif
| # include <string.h>
| #endif
| #ifdef HAVE_STRINGS_H
| # include <strings.h>
| #endif
| #ifdef HAVE_INTTYPES_H
| # include <inttypes.h>
| #endif
| #ifdef HAVE_STDINT_H
| # include <stdint.h>
| #endif
| #ifdef HAVE_UNISTD_H
| # include <unistd.h>
| #endif
| int
| main ()
| {
| if (sizeof ((off_t)))
| 	    return 0;
|   ;
|   return 0;
| }
configure:12499: result: yes
configure:12510: checking for size_t
configure:12510: gcc -c -g -O2  conftest.c >&5
configure:12510: $? = 0
configure:12510: gcc -c -g -O2  conftest.c >&5
conftest.c: In function 'main':
conftest.c:67:21: error: expected expression before ')' token
 if (sizeof ((size_t)))
                     ^
configure:12510: $? = 1
configure: failed program was:
| /* confdefs.h */
| #define PACKAGE_NAME "warpdrive"
| #define PACKAGE_TARNAME "warpdrive"
| #define PACKAGE_VERSION "0.1"
| #define PACKAGE_STRING "warpdrive 0.1"
| #define PACKAGE_BUGREPORT "liguozhu@hisilicon.com"
| #define PACKAGE_URL ""
| #define STDC_HEADERS 1
| #define HAVE_SYS_TYPES_H 1
| #define HAVE_SYS_STAT_H 1
| #define HAVE_STDLIB_H 1
| #define HAVE_STRING_H 1
| #define HAVE_MEMORY_H 1
| #define HAVE_STRINGS_H 1
| #define HAVE_INTTYPES_H 1
| #define HAVE_STDINT_H 1
| #define HAVE_UNISTD_H 1
| #define HAVE_DLFCN_H 1
| #define LT_OBJDIR ".libs/"
| #define HAVE_FCNTL_H 1
| #define HAVE_LIMITS_H 1
| #define HAVE_STDDEF_H 1
| #define HAVE_STDINT_H 1
| #define HAVE_STDLIB_H 1
| #define HAVE_STRING_H 1
| #define HAVE_SYS_IOCTL_H 1
| #define HAVE_SYS_TIME_H 1
| #define HAVE_UNISTD_H 1
| #define HAVE__BOOL 1
| /* end confdefs.h.  */
| #include <stdio.h>
| #ifdef HAVE_SYS_TYPES_H
| # include <sys/types.h>
| #endif
| #ifdef HAVE_SYS_STAT_H
| # include <sys/stat.h>
| #endif
| #ifdef STDC_HEADERS
| # include <stdlib.h>
| # include <stddef.h>
| #else
| # ifdef HAVE_STDLIB_H
| #  include <stdlib.h>
| # endif
| #endif
| #ifdef HAVE_STRING_H
| # if !defined STDC_HEADERS && defined HAVE_MEMORY_H
| #  include <memory.h>
| # endif
| # include <string.h>
| #endif
| #ifdef HAVE_STRINGS_H
| # include <strings.h>
| #endif
| #ifdef HAVE_INTTYPES_H
| # include <inttypes.h>
| #endif
| #ifdef HAVE_STDINT_H
| # include <stdint.h>
| #endif
| #ifdef HAVE_UNISTD_H
| # include <unistd.h>
| #endif
| int
| main ()
| {
| if (sizeof ((size_t)))
| 	    return 0;
|   ;
|   return 0;
| }
configure:12510: result: yes
configure:12521: checking for uint16_t
configure:12521: gcc -c -g -O2  conftest.c >&5
configure:12521: $? = 0
configure:12521: result: yes
configure:12533: checking for uint32_t
configure:12533: gcc -c -g -O2  conftest.c >&5
configure:12533: $? = 0
configure:12533: result: yes
configure:12547: checking for uint64_t
configure:12547: gcc -c -g -O2  conftest.c >&5
configure:12547: $? = 0
configure:12547: result: yes
configure:12561: checking for uint8_t
configure:12561: gcc -c -g -O2  conftest.c >&5
configure:12561: $? = 0
configure:12561: result: yes
configure:12584: checking for stdlib.h
configure:12584: result: yes
configure:12584: checking for unistd.h
configure:12584: result: yes
configure:12584: checking for sys/param.h
configure:12584: gcc -c -g -O2  conftest.c >&5
configure:12584: $? = 0
configure:12584: result: yes
configure:12604: checking for getpagesize
configure:12604: gcc -o conftest -g -O2   conftest.c  >&5
configure:12604: $? = 0
configure:12604: result: yes
configure:12613: checking for working mmap
configure:12760: gcc -o conftest -g -O2   conftest.c  >&5
configure:12760: $? = 0
configure:12760: ./conftest
configure:12760: $? = 0
configure:12770: result: yes
configure:12782: checking for gettimeofday
configure:12782: gcc -o conftest -g -O2   conftest.c  >&5
configure:12782: $? = 0
configure:12782: result: yes
configure:12782: checking for memmove
configure:12782: gcc -o conftest -g -O2   conftest.c  >&5
conftest.c:60:6: warning: conflicting types for built-in function 'memmove' [-Wbuiltin-declaration-mismatch]
 char memmove ();
      ^~~~~~~
configure:12782: $? = 0
configure:12782: result: yes
configure:12782: checking for memset
configure:12782: gcc -o conftest -g -O2   conftest.c  >&5
conftest.c:61:6: warning: conflicting types for built-in function 'memset' [-Wbuiltin-declaration-mismatch]
 char memset ();
      ^~~~~~
configure:12782: $? = 0
configure:12782: result: yes
configure:12782: checking for munmap
configure:12782: gcc -o conftest -g -O2   conftest.c  >&5
configure:12782: $? = 0
configure:12782: result: yes
configure:12782: checking for strstr
configure:12782: gcc -o conftest -g -O2   conftest.c  >&5
conftest.c:63:6: warning: conflicting types for built-in function 'strstr' [-Wbuiltin-declaration-mismatch]
 char strstr ();
      ^~~~~~
configure:12782: $? = 0
configure:12782: result: yes
configure:12782: checking for strtoul
configure:12782: gcc -o conftest -g -O2   conftest.c  >&5
configure:12782: $? = 0
configure:12782: result: yes
configure:12782: checking for strtoull
configure:12782: gcc -o conftest -g -O2   conftest.c  >&5
configure:12782: $? = 0
configure:12782: result: yes
configure:12909: checking that generated files are newer than configure
configure:12915: result: done
configure:12946: creating ./config.status

## ---------------------- ##
## Running config.status. ##
## ---------------------- ##

This file was extended by warpdrive config.status 0.1, which was
generated by GNU Autoconf 2.69.  Invocation command line was

  CONFIG_FILES    = 
  CONFIG_HEADERS  = 
  CONFIG_LINKS    = 
  CONFIG_COMMANDS = 
  $ ./config.status 

on ubuntu

config.status:1109: creating Makefile
config.status:1109: creating config.h
config.status:1290: config.h is unchanged
config.status:1338: executing depfiles commands
config.status:1338: executing libtool commands

## ---------------- ##
## Cache variables. ##
## ---------------- ##

ac_cv_build=aarch64-unknown-linux-gnu
ac_cv_c_compiler_gnu=yes
ac_cv_c_inline=inline
ac_cv_c_uint16_t=yes
ac_cv_c_uint32_t=yes
ac_cv_c_uint64_t=yes
ac_cv_c_uint8_t=yes
ac_cv_env_CC_set=
ac_cv_env_CC_value=
ac_cv_env_CFLAGS_set=
ac_cv_env_CFLAGS_value=
ac_cv_env_CPPFLAGS_set=
ac_cv_env_CPPFLAGS_value=
ac_cv_env_CPP_set=
ac_cv_env_CPP_value=
ac_cv_env_LDFLAGS_set=
ac_cv_env_LDFLAGS_value=
ac_cv_env_LIBS_set=
ac_cv_env_LIBS_value=
ac_cv_env_LT_SYS_LIBRARY_PATH_set=
ac_cv_env_LT_SYS_LIBRARY_PATH_value=
ac_cv_env_build_alias_set=
ac_cv_env_build_alias_value=
ac_cv_env_host_alias_set=
ac_cv_env_host_alias_value=
ac_cv_env_target_alias_set=
ac_cv_env_target_alias_value=
ac_cv_func_getpagesize=yes
ac_cv_func_gettimeofday=yes
ac_cv_func_memmove=yes
ac_cv_func_memset=yes
ac_cv_func_mmap_fixed_mapped=yes
ac_cv_func_munmap=yes
ac_cv_func_strstr=yes
ac_cv_func_strtoul=yes
ac_cv_func_strtoull=yes
ac_cv_header_dlfcn_h=yes
ac_cv_header_fcntl_h=yes
ac_cv_header_inttypes_h=yes
ac_cv_header_limits_h=yes
ac_cv_header_memory_h=yes
ac_cv_header_stdbool_h=yes
ac_cv_header_stdc=yes
ac_cv_header_stddef_h=yes
ac_cv_header_stdint_h=yes
ac_cv_header_stdlib_h=yes
ac_cv_header_string_h=yes
ac_cv_header_strings_h=yes
ac_cv_header_sys_ioctl_h=yes
ac_cv_header_sys_param_h=yes
ac_cv_header_sys_stat_h=yes
ac_cv_header_sys_time_h=yes
ac_cv_header_sys_types_h=yes
ac_cv_header_unistd_h=yes
ac_cv_host=aarch64-unknown-linux-gnu
ac_cv_objext=o
ac_cv_path_EGREP='/bin/grep -E'
ac_cv_path_FGREP='/bin/grep -F'
ac_cv_path_GREP=/bin/grep
ac_cv_path_SED=/bin/sed
ac_cv_path_install='/usr/bin/install -c'
ac_cv_path_lt_DD=/bin/dd
ac_cv_path_mkdir=/bin/mkdir
ac_cv_prog_AWK=gawk
ac_cv_prog_CPP='gcc -E'
ac_cv_prog_ac_ct_AR=ar
ac_cv_prog_ac_ct_CC=gcc
ac_cv_prog_ac_ct_MANIFEST_TOOL=mt
ac_cv_prog_ac_ct_OBJDUMP=objdump
ac_cv_prog_ac_ct_RANLIB=ranlib
ac_cv_prog_ac_ct_STRIP=strip
ac_cv_prog_cc_c89=
ac_cv_prog_cc_g=yes
ac_cv_prog_make_make_set=yes
ac_cv_type__Bool=yes
ac_cv_type_off_t=yes
ac_cv_type_size_t=yes
am_cv_CC_dependencies_compiler_type=gcc3
am_cv_ar_interface=ar
am_cv_make_support_nested_variables=yes
am_cv_prog_cc_c_o=yes
lt_cv_ar_at_file=@
lt_cv_archive_cmds_need_lc=no
lt_cv_deplibs_check_method=pass_all
lt_cv_file_magic_cmd='$MAGIC_CMD'
lt_cv_file_magic_test_file=
lt_cv_ld_reload_flag=-r
lt_cv_nm_interface='BSD nm'
lt_cv_objdir=.libs
lt_cv_path_LD=/usr/bin/aarch64-linux-gnu-ld
lt_cv_path_NM='/usr/bin/nm -B'
lt_cv_path_mainfest_tool=no
lt_cv_prog_compiler_c_o=yes
lt_cv_prog_compiler_pic='-fPIC -DPIC'
lt_cv_prog_compiler_pic_works=yes
lt_cv_prog_compiler_rtti_exceptions=no
lt_cv_prog_compiler_static_works=yes
lt_cv_prog_gnu_ld=yes
lt_cv_sharedlib_from_linklib_cmd='printf %s\n'
lt_cv_shlibpath_overrides_runpath=yes
lt_cv_sys_global_symbol_pipe='sed -n -e '\''s/^.*[	 ]\([ABCDGIRSTW][ABCDGIRSTW]*\)[	 ][	 ]*\([_A-Za-z][_A-Za-z0-9]*\)$/\1 \2 \2/p'\'' | sed '\''/ __gnu_lto/d'\'''
lt_cv_sys_global_symbol_to_c_name_address='sed -n -e '\''s/^: \(.*\) .*$/  {"\1", (void *) 0},/p'\'' -e '\''s/^[ABCDGIRSTW][ABCDGIRSTW]* .* \(.*\)$/  {"\1", (void *) \&\1},/p'\'''
lt_cv_sys_global_symbol_to_c_name_address_lib_prefix='sed -n -e '\''s/^: \(.*\) .*$/  {"\1", (void *) 0},/p'\'' -e '\''s/^[ABCDGIRSTW][ABCDGIRSTW]* .* \(lib.*\)$/  {"\1", (void *) \&\1},/p'\'' -e '\''s/^[ABCDGIRSTW][ABCDGIRSTW]* .* \(.*\)$/  {"lib\1", (void *) \&\1},/p'\'''
lt_cv_sys_global_symbol_to_cdecl='sed -n -e '\''s/^T .* \(.*\)$/extern int \1();/p'\'' -e '\''s/^[ABCDGIRSTW][ABCDGIRSTW]* .* \(.*\)$/extern char \1;/p'\'''
lt_cv_sys_global_symbol_to_import=
lt_cv_sys_max_cmd_len=1572864
lt_cv_to_host_file_cmd=func_convert_file_noop
lt_cv_to_tool_file_cmd=func_convert_file_noop
lt_cv_truncate_bin='/bin/dd bs=4096 count=1'

## ----------------- ##
## Output variables. ##
## ----------------- ##

ACLOCAL='${SHELL} /home/taishan/hisi_acc/KAEdriver/warpdrive/missing aclocal-1.15'
AMDEPBACKSLASH='\'
AMDEP_FALSE='#'
AMDEP_TRUE=''
AMTAR='$${TAR-tar}'
AM_BACKSLASH='\'
AM_DEFAULT_V='$(AM_DEFAULT_VERBOSITY)'
AM_DEFAULT_VERBOSITY='1'
AM_V='$(V)'
AR='ar'
AUTOCONF='${SHELL} /home/taishan/hisi_acc/KAEdriver/warpdrive/missing autoconf'
AUTOHEADER='${SHELL} /home/taishan/hisi_acc/KAEdriver/warpdrive/missing autoheader'
AUTOMAKE='${SHELL} /home/taishan/hisi_acc/KAEdriver/warpdrive/missing automake-1.15'
AWK='gawk'
CC='gcc'
CCDEPMODE='depmode=gcc3'
CFLAGS='-g -O2'
CPP='gcc -E'
CPPFLAGS=''
CYGPATH_W='echo'
DEFS='-DHAVE_CONFIG_H'
DEPDIR='.deps'
DLLTOOL='false'
DSYMUTIL=''
DUMPBIN=''
ECHO_C=''
ECHO_N='-n'
ECHO_T=''
EGREP='/bin/grep -E'
EXEEXT=''
FGREP='/bin/grep -F'
GREP='/bin/grep'
INSTALL_DATA='${INSTALL} -m 644'
INSTALL_PROGRAM='${INSTALL}'
INSTALL_SCRIPT='${INSTALL}'
INSTALL_STRIP_PROGRAM='$(install_sh) -c -s'
LD='/usr/bin/aarch64-linux-gnu-ld'
LDFLAGS=''
LIBOBJS=''
LIBS=''
LIBTOOL='$(SHELL) $(top_builddir)/libtool'
LIPO=''
LN_S='ln -s'
LTLIBOBJS=''
LT_SYS_LIBRARY_PATH=''
MAKEINFO='${SHELL} /home/taishan/hisi_acc/KAEdriver/warpdrive/missing makeinfo'
MANIFEST_TOOL=':'
MKDIR_P='/bin/mkdir -p'
NM='/usr/bin/nm -B'
NMEDIT=''
OBJDUMP='objdump'
OBJEXT='o'
OTOOL64=''
OTOOL=''
PACKAGE='warpdrive'
PACKAGE_BUGREPORT='liguozhu@hisilicon.com'
PACKAGE_NAME='warpdrive'
PACKAGE_STRING='warpdrive 0.1'
PACKAGE_TARNAME='warpdrive'
PACKAGE_URL=''
PACKAGE_VERSION='0.1'
PATH_SEPARATOR=':'
RANLIB='ranlib'
SED='/bin/sed'
SET_MAKE=''
SHELL='/bin/bash'
STRIP='strip'
VERSION='0.1'
WITH_LOG_FILE_FALSE=''
WITH_LOG_FILE_TRUE='#'
WITH_OPENSSL_DIR_FALSE=''
WITH_OPENSSL_DIR_TRUE='#'
ac_ct_AR='ar'
ac_ct_CC='gcc'
ac_ct_DUMPBIN=''
am__EXEEXT_FALSE=''
am__EXEEXT_TRUE='#'
am__fastdepCC_FALSE='#'
am__fastdepCC_TRUE=''
am__include='include'
am__isrc=''
am__leading_dot='.'
am__nodep='_no'
am__quote=''
am__tar='$${TAR-tar} chof - "$$tardir"'
am__untar='$${TAR-tar} xf -'
bindir='${exec_prefix}/bin'
build='aarch64-unknown-linux-gnu'
build_alias=''
build_cpu='aarch64'
build_os='linux-gnu'
build_vendor='unknown'
datadir='${datarootdir}'
datarootdir='${prefix}/share'
docdir='${datarootdir}/doc/${PACKAGE_TARNAME}'
dvidir='${docdir}'
exec_prefix='${prefix}'
host='aarch64-unknown-linux-gnu'
host_alias=''
host_cpu='aarch64'
host_os='linux-gnu'
host_vendor='unknown'
htmldir='${docdir}'
includedir='${prefix}/include'
infodir='${datarootdir}/info'
install_sh='${SHELL} /home/taishan/hisi_acc/KAEdriver/warpdrive/install-sh'
libdir='${exec_prefix}/lib'
libexecdir='${exec_prefix}/libexec'
localedir='${datarootdir}/locale'
localstatedir='${prefix}/var'
mandir='${datarootdir}/man'
mkdir_p='$(MKDIR_P)'
oldincludedir='/usr/include'
pdfdir='${docdir}'
prefix='/usr/local'
program_transform_name='s,x,x,'
psdir='${docdir}'
sbindir='${exec_prefix}/sbin'
sharedstatedir='${prefix}/com'
sysconfdir='${prefix}/etc'
target_alias=''
with_log_file=''
with_openssl_dir=''

## ----------- ##
## confdefs.h. ##
## ----------- ##

/* confdefs.h */
#define PACKAGE_NAME "warpdrive"
#define PACKAGE_TARNAME "warpdrive"
#define PACKAGE_VERSION "0.1"
#define PACKAGE_STRING "warpdrive 0.1"
#define PACKAGE_BUGREPORT "liguozhu@hisilicon.com"
#define PACKAGE_URL ""
#define STDC_HEADERS 1
#define HAVE_SYS_TYPES_H 1
#define HAVE_SYS_STAT_H 1
#define HAVE_STDLIB_H 1
#define HAVE_STRING_H 1
#define HAVE_MEMORY_H 1
#define HAVE_STRINGS_H 1
#define HAVE_INTTYPES_H 1
#define HAVE_STDINT_H 1
#define HAVE_UNISTD_H 1
#define HAVE_DLFCN_H 1
#define LT_OBJDIR ".libs/"
#define HAVE_FCNTL_H 1
#define HAVE_LIMITS_H 1
#define HAVE_STDDEF_H 1
#define HAVE_STDINT_H 1
#define HAVE_STDLIB_H 1
#define HAVE_STRING_H 1
#define HAVE_SYS_IOCTL_H 1
#define HAVE_SYS_TIME_H 1
#define HAVE_UNISTD_H 1
#define HAVE__BOOL 1
#define HAVE_STDLIB_H 1
#define HAVE_UNISTD_H 1
#define HAVE_SYS_PARAM_H 1
#define HAVE_GETPAGESIZE 1
#define HAVE_MMAP 1
#define HAVE_GETTIMEOFDAY 1
#define HAVE_MEMMOVE 1
#define HAVE_MEMSET 1
#define HAVE_MUNMAP 1
#define HAVE_STRSTR 1
#define HAVE_STRTOUL 1
#define HAVE_STRTOULL 1

configure: exit 0
